<?xml version="1.0" encoding="UTF-8"?>
<testsuite xmlns:xsi="http://www.w3.org/2001/XMLSchema-instance" xsi:noNamespaceSchemaLocation="https://maven.apache.org/surefire/maven-surefire-plugin/xsd/surefire-test-report.xsd" name="com.bk.SpockTest" time="0.882" tests="4" errors="4" skipped="0" failures="0">
  <properties>
    <property name="user.variant" value=""/>
    <property name="java.vm.info" value="mixed mode"/>
    <property name="file.encoding.pkg" value="sun.io"/>
    <property name="file.encoding" value="GBK"/>
    <property name="java.specification.name" value="Java Platform API Specification"/>
    <property name="sun.os.patch.level" value=""/>
    <property name="user.dir" value="E:\spring\deam-springmvc\Demo"/>
    <property name="line.separator" value="&#10;"/>
    <property name="java.home" value="C:\Program Files\Java\jdk1.7.0_05\jre"/>
    <property name="user.name" value="qixiujuan"/>
    <property name="sun.boot.library.path" value="C:\Program Files\Java\jdk1.7.0_05\jre\bin"/>
    <property name="user.home" value="C:\Users\qixiujuan"/>
    <property name="localRepository" value="C:\Users\qixiujuan\.m2\repository"/>
    <property name="sun.java.launcher" value="SUN_STANDARD"/>
    <property name="java.class.version" value="51.0"/>
    <property name="user.language" value="zh"/>
    <property name="java.vendor.url.bug" value="http://bugreport.sun.com/bugreport/"/>
    <property name="sun.jnu.encoding" value="GBK"/>
    <property name="java.io.tmpdir" value="C:\Users\QIXIUJ~1\AppData\Local\Temp\"/>
    <property name="java.specification.vendor" value="Oracle Corporation"/>
    <property name="file.separator" value="\"/>
    <property name="java.class.path" value="E:\spring\deam-springmvc\Demo\target\test-classes;E:\spring\deam-springmvc\Demo\target\classes;C:\Users\qixiujuan\.m2\repository\javax\servlet\javax.servlet-api\3.0.1\javax.servlet-api-3.0.1.jar;C:\Users\qixiujuan\.m2\repository\org\springframework\spring-webmvc\3.2.17.RELEASE\spring-webmvc-3.2.17.RELEASE.jar;C:\Users\qixiujuan\.m2\repository\org\springframework\spring-beans\3.2.17.RELEASE\spring-beans-3.2.17.RELEASE.jar;C:\Users\qixiujuan\.m2\repository\org\springframework\spring-context\3.2.17.RELEASE\spring-context-3.2.17.RELEASE.jar;C:\Users\qixiujuan\.m2\repository\org\springframework\spring-aop\3.2.17.RELEASE\spring-aop-3.2.17.RELEASE.jar;C:\Users\qixiujuan\.m2\repository\aopalliance\aopalliance\1.0\aopalliance-1.0.jar;C:\Users\qixiujuan\.m2\repository\org\springframework\spring-core\3.2.17.RELEASE\spring-core-3.2.17.RELEASE.jar;C:\Users\qixiujuan\.m2\repository\commons-logging\commons-logging\1.1.3\commons-logging-1.1.3.jar;C:\Users\qixiujuan\.m2\repository\org\springframework\spring-expression\3.2.17.RELEASE\spring-expression-3.2.17.RELEASE.jar;C:\Users\qixiujuan\.m2\repository\org\springframework\spring-web\3.2.17.RELEASE\spring-web-3.2.17.RELEASE.jar;C:\Users\qixiujuan\.m2\repository\org\slf4j\slf4j-log4j12\1.6.1\slf4j-log4j12-1.6.1.jar;C:\Users\qixiujuan\.m2\repository\org\slf4j\slf4j-api\1.6.1\slf4j-api-1.6.1.jar;C:\Users\qixiujuan\.m2\repository\log4j\log4j\1.2.16\log4j-1.2.16.jar;C:\Users\qixiujuan\.m2\repository\junit\junit\4.11\junit-4.11.jar;C:\Users\qixiujuan\.m2\repository\org\hamcrest\hamcrest-core\1.3\hamcrest-core-1.3.jar;C:\Users\qixiujuan\.m2\repository\org\spockframework\spock-core\1.2-groovy-2.5\spock-core-1.2-groovy-2.5.jar;C:\Users\qixiujuan\.m2\repository\org\codehaus\groovy\groovy\2.5.2\groovy-2.5.2.jar;C:\Users\qixiujuan\.m2\repository\org\codehaus\groovy\groovy-json\2.5.2\groovy-json-2.5.2.jar;C:\Users\qixiujuan\.m2\repository\org\codehaus\groovy\groovy-nio\2.5.2\groovy-nio-2.5.2.jar;C:\Users\qixiujuan\.m2\repository\org\codehaus\groovy\groovy-macro\2.5.2\groovy-macro-2.5.2.jar;C:\Users\qixiujuan\.m2\repository\org\codehaus\groovy\groovy-templates\2.5.2\groovy-templates-2.5.2.jar;C:\Users\qixiujuan\.m2\repository\org\codehaus\groovy\groovy-test\2.5.2\groovy-test-2.5.2.jar;C:\Users\qixiujuan\.m2\repository\org\codehaus\groovy\groovy-sql\2.5.2\groovy-sql-2.5.2.jar;C:\Users\qixiujuan\.m2\repository\org\codehaus\groovy\groovy-xml\2.5.2\groovy-xml-2.5.2.jar;C:\Users\qixiujuan\.m2\repository\com\google\guava\guava\19.0\guava-19.0.jar;C:\Users\qixiujuan\.m2\repository\org\projectlombok\lombok\1.16.20\lombok-1.16.20.jar;C:\Users\qixiujuan\.m2\repository\org\mybatis\mybatis\3.2.8\mybatis-3.2.8.jar;C:\Users\qixiujuan\.m2\repository\commons-lang\commons-lang\2.6\commons-lang-2.6.jar;C:\Users\qixiujuan\.m2\repository\org\springframework\retry\spring-retry\1.1.2.RELEASE\spring-retry-1.1.2.RELEASE.jar;"/>
    <property name="java.vm.vendor" value="Oracle Corporation"/>
    <property name="sun.cpu.endian" value="little"/>
    <property name="java.vm.specification.vendor" value="Oracle Corporation"/>
    <property name="java.specification.version" value="1.7"/>
    <property name="user.script" value=""/>
    <property name="awt.toolkit" value="sun.awt.windows.WToolkit"/>
    <property name="sun.java.command" value="C:\Users\QIXIUJ~1\AppData\Local\Temp\surefire2230136765635756773\surefirebooter5634694927152364150.jar C:\Users\qixiujuan\AppData\Local\Temp\surefire2230136765635756773 2019-04-22T18-45-42_332-jvmRun1 surefire6088969216303945557tmp surefire_03441082341477348130tmp"/>
    <property name="user.timezone" value="Asia/Shanghai"/>
    <property name="surefire.test.class.path" value="E:\spring\deam-springmvc\Demo\target\test-classes;E:\spring\deam-springmvc\Demo\target\classes;C:\Users\qixiujuan\.m2\repository\javax\servlet\javax.servlet-api\3.0.1\javax.servlet-api-3.0.1.jar;C:\Users\qixiujuan\.m2\repository\org\springframework\spring-webmvc\3.2.17.RELEASE\spring-webmvc-3.2.17.RELEASE.jar;C:\Users\qixiujuan\.m2\repository\org\springframework\spring-beans\3.2.17.RELEASE\spring-beans-3.2.17.RELEASE.jar;C:\Users\qixiujuan\.m2\repository\org\springframework\spring-context\3.2.17.RELEASE\spring-context-3.2.17.RELEASE.jar;C:\Users\qixiujuan\.m2\repository\org\springframework\spring-aop\3.2.17.RELEASE\spring-aop-3.2.17.RELEASE.jar;C:\Users\qixiujuan\.m2\repository\aopalliance\aopalliance\1.0\aopalliance-1.0.jar;C:\Users\qixiujuan\.m2\repository\org\springframework\spring-core\3.2.17.RELEASE\spring-core-3.2.17.RELEASE.jar;C:\Users\qixiujuan\.m2\repository\commons-logging\commons-logging\1.1.3\commons-logging-1.1.3.jar;C:\Users\qixiujuan\.m2\repository\org\springframework\spring-expression\3.2.17.RELEASE\spring-expression-3.2.17.RELEASE.jar;C:\Users\qixiujuan\.m2\repository\org\springframework\spring-web\3.2.17.RELEASE\spring-web-3.2.17.RELEASE.jar;C:\Users\qixiujuan\.m2\repository\org\slf4j\slf4j-log4j12\1.6.1\slf4j-log4j12-1.6.1.jar;C:\Users\qixiujuan\.m2\repository\org\slf4j\slf4j-api\1.6.1\slf4j-api-1.6.1.jar;C:\Users\qixiujuan\.m2\repository\log4j\log4j\1.2.16\log4j-1.2.16.jar;C:\Users\qixiujuan\.m2\repository\junit\junit\4.11\junit-4.11.jar;C:\Users\qixiujuan\.m2\repository\org\hamcrest\hamcrest-core\1.3\hamcrest-core-1.3.jar;C:\Users\qixiujuan\.m2\repository\org\spockframework\spock-core\1.2-groovy-2.5\spock-core-1.2-groovy-2.5.jar;C:\Users\qixiujuan\.m2\repository\org\codehaus\groovy\groovy\2.5.2\groovy-2.5.2.jar;C:\Users\qixiujuan\.m2\repository\org\codehaus\groovy\groovy-json\2.5.2\groovy-json-2.5.2.jar;C:\Users\qixiujuan\.m2\repository\org\codehaus\groovy\groovy-nio\2.5.2\groovy-nio-2.5.2.jar;C:\Users\qixiujuan\.m2\repository\org\codehaus\groovy\groovy-macro\2.5.2\groovy-macro-2.5.2.jar;C:\Users\qixiujuan\.m2\repository\org\codehaus\groovy\groovy-templates\2.5.2\groovy-templates-2.5.2.jar;C:\Users\qixiujuan\.m2\repository\org\codehaus\groovy\groovy-test\2.5.2\groovy-test-2.5.2.jar;C:\Users\qixiujuan\.m2\repository\org\codehaus\groovy\groovy-sql\2.5.2\groovy-sql-2.5.2.jar;C:\Users\qixiujuan\.m2\repository\org\codehaus\groovy\groovy-xml\2.5.2\groovy-xml-2.5.2.jar;C:\Users\qixiujuan\.m2\repository\com\google\guava\guava\19.0\guava-19.0.jar;C:\Users\qixiujuan\.m2\repository\org\projectlombok\lombok\1.16.20\lombok-1.16.20.jar;C:\Users\qixiujuan\.m2\repository\org\mybatis\mybatis\3.2.8\mybatis-3.2.8.jar;C:\Users\qixiujuan\.m2\repository\commons-lang\commons-lang\2.6\commons-lang-2.6.jar;C:\Users\qixiujuan\.m2\repository\org\springframework\retry\spring-retry\1.1.2.RELEASE\spring-retry-1.1.2.RELEASE.jar;"/>
    <property name="java.runtime.version" value="1.7.0_05-b05"/>
    <property name="java.vendor" value="Oracle Corporation"/>
    <property name="sun.management.compiler" value="HotSpot 64-Bit Tiered Compilers"/>
    <property name="sun.arch.data.model" value="64"/>
    <property name="os.arch" value="amd64"/>
    <property name="sun.io.unicode.encoding" value="UnicodeLittle"/>
    <property name="java.awt.printerjob" value="sun.awt.windows.WPrinterJob"/>
    <property name="path.separator" value=";"/>
    <property name="java.runtime.name" value="Java(TM) SE Runtime Environment"/>
    <property name="java.vendor.url" value="http://java.oracle.com/"/>
    <property name="sun.boot.class.path" value="C:\Program Files\Java\jdk1.7.0_05\jre\lib\resources.jar;C:\Program Files\Java\jdk1.7.0_05\jre\lib\rt.jar;C:\Program Files\Java\jdk1.7.0_05\jre\lib\sunrsasign.jar;C:\Program Files\Java\jdk1.7.0_05\jre\lib\jsse.jar;C:\Program Files\Java\jdk1.7.0_05\jre\lib\jce.jar;C:\Program Files\Java\jdk1.7.0_05\jre\lib\charsets.jar;C:\Program Files\Java\jdk1.7.0_05\jre\lib\jfr.jar;C:\Program Files\Java\jdk1.7.0_05\jre\classes"/>
    <property name="surefire.real.class.path" value="C:\Users\QIXIUJ~1\AppData\Local\Temp\surefire2230136765635756773\surefirebooter5634694927152364150.jar"/>
    <property name="java.endorsed.dirs" value="C:\Program Files\Java\jdk1.7.0_05\jre\lib\endorsed"/>
    <property name="sun.desktop" value="windows"/>
    <property name="idea.version" value="2018.3"/>
    <property name="java.vm.version" value="23.1-b03"/>
    <property name="os.name" value="Windows NT (unknown)"/>
    <property name="java.vm.specification.version" value="1.7"/>
    <property name="sun.cpu.isalist" value="amd64"/>
    <property name="java.version" value="1.7.0_05"/>
    <property name="java.vm.specification.name" value="Java Virtual Machine Specification"/>
    <property name="java.ext.dirs" value="C:\Program Files\Java\jdk1.7.0_05\jre\lib\ext;C:\windows\Sun\Java\lib\ext"/>
    <property name="os.version" value="6.2"/>
    <property name="basedir" value="E:\spring\deam-springmvc\Demo"/>
    <property name="java.library.path" value="C:\Program Files\Java\jdk1.7.0_05\jre\bin;C:\windows\Sun\Java\bin;C:\windows\system32;C:\windows;C:\Program Files (x86)\Common Files\Oracle\Java\javapath;C:\windows\system32;C:\windows;C:\windows\System32\Wbem;C:\windows\System32\WindowsPowerShell\v1.0\;C:\Program Files\Java\jdk1.8.0_191\bin;D:\Program Files\apache-maven-3.3.9\bin;D:\Program Files\gradle-5.1-rc-1\bin;D:\Program Files\Git\cmd;D:\Program Files\Git\mingw64\bin;D:\Program Files\Git\usr\bin;C:\MinGW\bin;D:\Stawberry\c\bin;D:\Stawberry\perl\site\bin;D:\Stawberry\perl\bin;C:\Users\qixiujuan\AppData\Local\Microsoft\WindowsApps;;D:\Program Files\Fiddler;."/>
    <property name="java.awt.graphicsenv" value="sun.awt.Win32GraphicsEnvironment"/>
    <property name="java.vm.name" value="Java HotSpot(TM) 64-Bit Server VM"/>
    <property name="user.country" value="CN"/>
  </properties>
  <testcase name="mainTest_第一个测试方法" classname="com.bk.SpockTest" time="0.037">
    <error message="No signature of method: com.bk.SpockTest.reportInfo() is applicable for argument types: (String) values: [测试方法-xj.q]" type="groovy.lang.MissingMethodException">groovy.lang.MissingMethodException: No signature of method: com.bk.SpockTest.reportInfo() is applicable for argument types: (String) values: [测试方法-xj.q]
	at com.bk.SpockTest.mainTest_第一个测试方法(SpockTest.groovy:28)
</error>
  </testcase>
  <testcase name="mainTest_第一个测试方法" classname="com.bk.SpockTest" time="0.048">
    <error message="No signature of method: com.bk.SpockTest.reportInfo() is applicable for argument types: (String) values: [测试方法-xj.q]" type="groovy.lang.MissingMethodException">groovy.lang.MissingMethodException: No signature of method: com.bk.SpockTest.reportInfo() is applicable for argument types: (String) values: [测试方法-xj.q]
	at com.bk.SpockTest.mainTest_第一个测试方法(SpockTest.groovy:28)
</error>
  </testcase>
  <testcase name="mainTest_第一个测试方法" classname="com.bk.SpockTest" time="0.052">
    <error message="No signature of method: com.bk.SpockTest.reportInfo() is applicable for argument types: (String) values: [测试方法-xj.q]" type="groovy.lang.MissingMethodException">groovy.lang.MissingMethodException: No signature of method: com.bk.SpockTest.reportInfo() is applicable for argument types: (String) values: [测试方法-xj.q]
	at com.bk.SpockTest.mainTest_第一个测试方法(SpockTest.groovy:28)
</error>
  </testcase>
  <testcase name="mainTest_第一个测试方法" classname="com.bk.SpockTest" time="0.055">
    <error message="No signature of method: com.bk.SpockTest.reportInfo() is applicable for argument types: (String) values: [测试方法-xj.q]" type="groovy.lang.MissingMethodException">groovy.lang.MissingMethodException: No signature of method: com.bk.SpockTest.reportInfo() is applicable for argument types: (String) values: [测试方法-xj.q]
	at com.bk.SpockTest.mainTest_第一个测试方法(SpockTest.groovy:28)
</error>
  </testcase>
</testsuite>